# JRE version: OpenJDK Runtime Environment AdoptOpenJDK (11.0.10+9) (build 11.0.10+9)
# Java VM: OpenJDK 64-Bit Server VM AdoptOpenJDK (11.0.10+9, mixed mode, tiered, compressed oops, g1 gc, linux-amd64)
Heap:
 garbage-first heap   total 102400K, used 82144K [0x000000070a200000, 0x0000000800000000)
  region size 1024K, 53 young (54272K), 6 survivors (6144K)
 Metaspace       used 78799K, capacity 80901K, committed 80976K, reserved 1120256K
  class space    used 9761K, capacity 10553K, committed 10580K, reserved 1048576K
GC Heap History (20 events):
Event: 2.433 GC heap before
{Heap before GC invocations=4 (full 0):
 garbage-first heap   total 251904K, used 36003K [0x000000070a200000, 0x0000000800000000)
  region size 1024K, 30 young (30720K), 3 survivors (3072K)
 Metaspace       used 20673K, capacity 21117K, committed 21248K, reserved 1069056K
  class space    used 2356K, capacity 2536K, committed 2560K, reserved 1048576K
}
Event: 2.444 GC heap after
{Heap after GC invocations=5 (full 0):
 garbage-first heap   total 251904K, used 9756K [0x000000070a200000, 0x0000000800000000)
  region size 1024K, 3 young (3072K), 3 survivors (3072K)
 Metaspace       used 20673K, capacity 21117K, committed 21248K, reserved 1069056K
  class space    used 2356K, capacity 2536K, committed 2560K, reserved 1048576K
}
Event: 3.552 GC heap before
{Heap before GC invocations=6 (full 0):
 garbage-first heap   total 251904K, used 156188K [0x000000070a200000, 0x0000000800000000)
  region size 1024K, 147 young (150528K), 3 survivors (3072K)
 Metaspace       used 31171K, capacity 31948K, committed 32124K, reserved 1077248K
  class space    used 3640K, capacity 3939K, committed 3968K, reserved 1048576K
}
Event: 3.562 GC heap after
{Heap after GC invocations=7 (full 0):
 garbage-first heap   total 303104K, used 13264K [0x000000070a200000, 0x0000000800000000)
  region size 1024K, 7 young (7168K), 7 survivors (7168K)
 Metaspace       used 31171K, capacity 31948K, committed 32124K, reserved 1077248K
  class space    used 3640K, capacity 3939K, committed 3968K, reserved 1048576K
}
Event: 4.110 GC heap before
{Heap before GC invocations=7 (full 0):
 garbage-first heap   total 303104K, used 49104K [0x000000070a200000, 0x0000000800000000)
  region size 1024K, 43 young (44032K), 7 survivors (7168K)
 Metaspace       used 34977K, capacity 35921K, committed 36048K, reserved 1081344K
  class space    used 4140K, capacity 4523K, committed 4564K, reserved 1048576K
}
Event: 4.135 GC heap after
{Heap after GC invocations=8 (full 0):
 garbage-first heap   total 303104K, used 15070K [0x000000070a200000, 0x0000000800000000)
  region size 1024K, 8 young (8192K), 8 survivors (8192K)
 Metaspace       used 34977K, capacity 35921K, committed 36048K, reserved 1081344K
  class space    used 4140K, capacity 4523K, committed 4564K, reserved 1048576K
}
Event: 5.505 GC heap before
{Heap before GC invocations=9 (full 0):
 garbage-first heap   total 303104K, used 187102K [0x000000070a200000, 0x0000000800000000)
  region size 1024K, 177 young (181248K), 8 survivors (8192K)
 Metaspace       used 47807K, capacity 49033K, committed 49488K, reserved 1091584K
  class space    used 5857K, capacity 6349K, committed 6484K, reserved 1048576K
}
Event: 5.541 GC heap after
{Heap after GC invocations=10 (full 0):
 garbage-first heap   total 303104K, used 19871K [0x000000070a200000, 0x0000000800000000)
  region size 1024K, 13 young (13312K), 13 survivors (13312K)
 Metaspace       used 47807K, capacity 49033K, committed 49488K, reserved 1091584K
  class space    used 5857K, capacity 6349K, committed 6484K, reserved 1048576K
}
Event: 6.931 GC heap before
{Heap before GC invocations=10 (full 0):
 garbage-first heap   total 303104K, used 112031K [0x000000070a200000, 0x0000000800000000)
  region size 1024K, 104 young (106496K), 13 survivors (13312K)
 Metaspace       used 58751K, capacity 60095K, committed 60496K, reserved 1101824K
  class space    used 7347K, capacity 7885K, committed 8020K, reserved 1048576K
}
Event: 6.954 GC heap after
{Heap after GC invocations=11 (full 0):
 garbage-first heap   total 303104K, used 23518K [0x000000070a200000, 0x0000000800000000)
  region size 1024K, 15 young (15360K), 15 survivors (15360K)
 Metaspace       used 58751K, capacity 60095K, committed 60496K, reserved 1101824K
  class space    used 7347K, capacity 7885K, committed 8020K, reserved 1048576K
}
Event: 14.285 GC heap before
{Heap before GC invocations=12 (full 0):
 garbage-first heap   total 303104K, used 189406K [0x000000070a200000, 0x0000000800000000)
  region size 1024K, 177 young (181248K), 15 survivors (15360K)
 Metaspace       used 71797K, capacity 73661K, committed 73808K, reserved 1114112K
  class space    used 9071K, capacity 9789K, committed 9812K, reserved 1048576K
}
Event: 14.324 GC heap after
{Heap after GC invocations=13 (full 0):
 garbage-first heap   total 413696K, used 30275K [0x000000070a200000, 0x0000000800000000)
  region size 1024K, 18 young (18432K), 18 survivors (18432K)
 Metaspace       used 71797K, capacity 73661K, committed 73808K, reserved 1114112K
  class space    used 9071K, capacity 9789K, committed 9812K, reserved 1048576K
}
Event: 42.412 GC heap before
{Heap before GC invocations=14 (full 0):
 garbage-first heap   total 413696K, used 79427K [0x000000070a200000, 0x0000000800000000)
  region size 1024K, 67 young (68608K), 18 survivors (18432K)
 Metaspace       used 76847K, capacity 78802K, committed 79056K, reserved 1118208K
  class space    used 9662K, capacity 10432K, committed 10452K, reserved 1048576K
}
Event: 42.506 GC heap after
{Heap after GC invocations=15 (full 1):
 garbage-first heap   total 102400K, used 28938K [0x000000070a200000, 0x0000000800000000)
  region size 1024K, 0 young (0K), 0 survivors (0K)
 Metaspace       used 76833K, capacity 78781K, committed 79056K, reserved 1118208K
  class space    used 9660K, capacity 10428K, committed 10452K, reserved 1048576K
}
Event: 43.503 GC heap before
{Heap before GC invocations=15 (full 1):
 garbage-first heap   total 102400K, used 80138K [0x000000070a200000, 0x0000000800000000)
  region size 1024K, 51 young (52224K), 0 survivors (0K)
 Metaspace       used 77353K, capacity 79336K, committed 79696K, reserved 1118208K
  class space    used 9693K, capacity 10476K, committed 10580K, reserved 1048576K
}
Event: 43.511 GC heap after
{Heap after GC invocations=16 (full 1):
 garbage-first heap   total 102400K, used 33034K [0x000000070a200000, 0x0000000800000000)
  region size 1024K, 4 young (4096K), 4 survivors (4096K)
 Metaspace       used 77353K, capacity 79336K, committed 79696K, reserved 1118208K
  class space    used 9693K, capacity 10476K, committed 10580K, reserved 1048576K
}
Event: 43.685 GC heap before
{Heap before GC invocations=16 (full 1):
 garbage-first heap   total 102400K, used 81162K [0x000000070a200000, 0x0000000800000000)
  region size 1024K, 52 young (53248K), 4 survivors (4096K)
 Metaspace       used 77418K, capacity 79465K, committed 79696K, reserved 1118208K
  class space    used 9693K, capacity 10476K, committed 10580K, reserved 1048576K
}
Event: 43.706 GC heap after
{Heap after GC invocations=17 (full 1):
 garbage-first heap   total 102400K, used 32614K [0x000000070a200000, 0x0000000800000000)
  region size 1024K, 4 young (4096K), 4 survivors (4096K)
 Metaspace       used 77418K, capacity 79465K, committed 79696K, reserved 1118208K
  class space    used 9693K, capacity 10476K, committed 10580K, reserved 1048576K
}
Event: 44.768 GC heap before
{Heap before GC invocations=17 (full 1):
 garbage-first heap   total 102400K, used 82790K [0x000000070a200000, 0x0000000800000000)
  region size 1024K, 53 young (54272K), 4 survivors (4096K)
 Metaspace       used 78305K, capacity 80336K, committed 80720K, reserved 1120256K
  class space    used 9732K, capacity 10518K, committed 10580K, reserved 1048576K
}
Event: 44.784 GC heap after
{Heap after GC invocations=18 (full 1):
 garbage-first heap   total 102400K, used 35040K [0x000000070a200000, 0x0000000800000000)
  region size 1024K, 6 young (6144K), 6 survivors (6144K)
 Metaspace       used 78305K, capacity 80336K, committed 80720K, reserved 1120256K
  class space    used 9732K, capacity 10518K, committed 10580K, reserved 1048576K
}

